C51 COMPILER V9.60.0.0   MAIN                                                              03/12/2022 21:14:46 PAGE 1   


C51 COMPILER V9.60.0.0, COMPILATION OF MODULE MAIN
OBJECT MODULE PLACED IN .\Objects\main.obj
COMPILER INVOKED BY: C:\Keil_v5\C51\BIN\C51.EXE main.c OPTIMIZE(8,SPEED) BROWSE DEBUG OBJECTEXTEND PRINT(.\Listings\main
                    -.lst) TABS(2) OBJECT(.\Objects\main.obj)

line level    source

   1          #include <REGX52.H>
   2          
   3          void Delay1ms(unsigned int xms)   //@12.000MHz
   4          {
   5   1        unsigned char i, j;
   6   1        
   7   1        while(xms)
   8   1        {
   9   2          i = 2;
  10   2          j = 239;
  11   2          do
  12   2          {
  13   3            while (--j);
  14   3          } while (--i);
  15   2          
  16   2          xms--;
  17   2        }
  18   1      }
  19          
  20          void Delay()
  21          {
  22   1        Delay1ms(1000);
  23   1      }
  24          
  25          void main() 
  26          {
  27   1        while(1)
  28   1        {
  29   2          P2 = 0xFE; // 1111 1110
  30   2          Delay();
  31   2          P2 = 0xFD; // 1111 1101
  32   2          Delay();
  33   2          P2 = 0xFB; // 1111 1011
  34   2          Delay();
  35   2          P2 = 0xF7; // 1111 0111
  36   2          Delay();
  37   2          P2 = 0xEF; // 1110 1111
  38   2          Delay();
  39   2          P2 = 0xDF; // 1101 1111
  40   2          Delay();
  41   2          P2 = 0xBF; // 1011 1111
  42   2          Delay();
  43   2          P2 = 0x7F; // 0111 1111
  44   2          Delay();
  45   2        }
  46   1      }


MODULE INFORMATION:   STATIC OVERLAYABLE
   CODE SIZE        =     77    ----
   CONSTANT SIZE    =   ----    ----
   XDATA SIZE       =   ----    ----
   PDATA SIZE       =   ----    ----
   DATA SIZE        =   ----    ----
C51 COMPILER V9.60.0.0   MAIN                                                              03/12/2022 21:14:46 PAGE 2   

   IDATA SIZE       =   ----    ----
   BIT SIZE         =   ----    ----
END OF MODULE INFORMATION.


C51 COMPILATION COMPLETE.  0 WARNING(S),  0 ERROR(S)
